2024-09-15 20:44:01,714 INFO o.e.Main [main] Gepetto
2024-09-15 20:44:01,720 INFO o.e.Main [main] name
2024-09-15 20:44:01,720 INFO o.e.Main [main] class java.lang.String
2024-09-15 20:44:01,720 INFO o.e.Main [main] 2
2024-09-15 20:44:01,720 INFO o.e.Main [main] age
2024-09-15 20:44:01,721 INFO o.e.Main [main] int
2024-09-15 20:44:01,721 INFO o.e.Main [main] 2
2024-09-15 20:44:01,721 INFO o.e.Main [main] salary
2024-09-15 20:44:01,721 INFO o.e.Main [main] int
2024-09-15 20:44:01,721 INFO o.e.Main [main] 2
2024-09-15 20:44:01,722 INFO o.e.Main [main] getName
2024-09-15 20:44:01,722 INFO o.e.Main [main] setName
2024-09-15 20:44:01,722 INFO o.e.Main [main] getSalary
2024-09-15 20:44:01,722 INFO o.e.Main [main] setAge
2024-09-15 20:44:01,723 INFO o.e.Main [main] printName
2024-09-15 20:44:01,723 INFO o.e.Main [main] getAge
2024-09-15 20:44:01,723 INFO o.e.Main [main] setSalary
2024-09-15 20:44:01,723 INFO o.e.Main [main] 2
2024-09-15 20:44:01,724 INFO o.e.Main [main] arg0
2024-09-15 20:44:01,724 INFO o.e.Main [main] class java.lang.String
2024-09-15 20:44:01,724 INFO o.e.Main [main] arg1
2024-09-15 20:44:01,724 INFO o.e.Main [main] int
2024-09-15 20:44:01,724 INFO o.e.Main [main] 3
2024-09-15 20:44:01,724 INFO o.e.Main [main] arg0
2024-09-15 20:44:01,725 INFO o.e.Main [main] class java.lang.String
2024-09-15 20:44:01,725 INFO o.e.Main [main] arg1
2024-09-15 20:44:01,725 INFO o.e.Main [main] int
2024-09-15 20:44:01,725 INFO o.e.Main [main] arg2
2024-09-15 20:44:01,725 INFO o.e.Main [main] int
2024-09-15 20:44:01,726 INFO o.e.Main [main] 5 pro
2024-09-15 20:44:01,726 INFO o.e.Main [main] Switch
2024-09-15 20:44:01,726 INFO o.e.Main [main] X
2024-09-15 20:44:01,726 INFO o.e.Main [main] our products : [Playstation, Nintendo, Xbox]
2024-09-15 20:44:01,727 INFO o.e.Main [main] [27, 25]
2024-09-15 20:44:01,727 INFO o.e.Main [main] Jackson
2024-09-15 20:44:01,727 INFO o.e.Main [main] Mickey
2024-09-15 20:44:01,728 INFO o.e.Main [main] Oren
2024-09-15 20:44:01,728 INFO o.e.Main [main] 68
2024-09-15 20:44:01,729 INFO o.e.Main [main] Audi
2024-09-15 20:44:01,729 INFO o.e.Main [main] Automoto
2024-09-15 20:44:01,729 INFO o.e.Main [main] Ages of Empire
2024-09-15 20:44:01,729 INFO o.e.Main [main] Mickey
