2024-09-15 20:43:05,293 INFO o.e.Main [main] Gepetto
2024-09-15 20:43:05,300 INFO o.e.Main [main] name
2024-09-15 20:43:05,300 INFO o.e.Main [main] class java.lang.String
2024-09-15 20:43:05,301 INFO o.e.Main [main] 2
2024-09-15 20:43:05,301 INFO o.e.Main [main] age
2024-09-15 20:43:05,301 INFO o.e.Main [main] int
2024-09-15 20:43:05,301 INFO o.e.Main [main] 2
2024-09-15 20:43:05,301 INFO o.e.Main [main] salary
2024-09-15 20:43:05,302 INFO o.e.Main [main] int
2024-09-15 20:43:05,302 INFO o.e.Main [main] 2
2024-09-15 20:43:05,302 INFO o.e.Main [main] printName
2024-09-15 20:43:05,303 INFO o.e.Main [main] setAge
2024-09-15 20:43:05,303 INFO o.e.Main [main] getAge
2024-09-15 20:43:05,303 INFO o.e.Main [main] getSalary
2024-09-15 20:43:05,303 INFO o.e.Main [main] getName
2024-09-15 20:43:05,303 INFO o.e.Main [main] setName
2024-09-15 20:43:05,304 INFO o.e.Main [main] setSalary
2024-09-15 20:43:05,304 INFO o.e.Main [main] 2
2024-09-15 20:43:05,304 INFO o.e.Main [main] arg0
2024-09-15 20:43:05,304 INFO o.e.Main [main] class java.lang.String
2024-09-15 20:43:05,304 INFO o.e.Main [main] arg1
2024-09-15 20:43:05,305 INFO o.e.Main [main] int
2024-09-15 20:43:05,305 INFO o.e.Main [main] 3
2024-09-15 20:43:05,305 INFO o.e.Main [main] arg0
2024-09-15 20:43:05,305 INFO o.e.Main [main] class java.lang.String
2024-09-15 20:43:05,305 INFO o.e.Main [main] arg1
2024-09-15 20:43:05,305 INFO o.e.Main [main] int
2024-09-15 20:43:05,306 INFO o.e.Main [main] arg2
2024-09-15 20:43:05,306 INFO o.e.Main [main] int
2024-09-15 20:43:05,307 INFO o.e.Main [main] 5 pro
2024-09-15 20:43:05,307 INFO o.e.Main [main] Switch
2024-09-15 20:43:05,307 INFO o.e.Main [main] X
2024-09-15 20:43:05,307 INFO o.e.Main [main] our products : [Playstation, Nintendo, Xbox]
2024-09-15 20:43:05,307 INFO o.e.Main [main] [27, 25]
2024-09-15 20:43:05,309 INFO o.e.Main [main] Jackson
2024-09-15 20:43:05,309 INFO o.e.Main [main] Mickey
2024-09-15 20:43:05,309 INFO o.e.Main [main] Oren
2024-09-15 20:43:05,310 INFO o.e.Main [main] 68
2024-09-15 20:43:05,310 INFO o.e.Main [main] Audi
2024-09-15 20:43:05,311 INFO o.e.Main [main] Automoto
2024-09-15 20:43:05,311 INFO o.e.Main [main] Ages of Empire
2024-09-15 20:43:05,312 INFO o.e.Main [main] org.example.Worker@4659191b
2024-09-15 20:43:05,312 INFO o.e.Main [main] org.example.Worker@55634720
