2024-09-15 20:25:52,355 INFO o.e.Main [main] Gepetto
2024-09-15 20:25:52,361 INFO o.e.Main [main] name
2024-09-15 20:25:52,361 INFO o.e.Main [main] class java.lang.String
2024-09-15 20:25:52,361 INFO o.e.Main [main] 2
2024-09-15 20:25:52,362 INFO o.e.Main [main] age
2024-09-15 20:25:52,362 INFO o.e.Main [main] int
2024-09-15 20:25:52,362 INFO o.e.Main [main] 2
2024-09-15 20:25:52,362 INFO o.e.Main [main] getName
2024-09-15 20:25:52,362 INFO o.e.Main [main] setName
2024-09-15 20:25:52,363 INFO o.e.Main [main] printName
2024-09-15 20:25:52,363 INFO o.e.Main [main] setAge
2024-09-15 20:25:52,363 INFO o.e.Main [main] getAge
2024-09-15 20:25:52,363 INFO o.e.Main [main] 2
2024-09-15 20:25:52,364 INFO o.e.Main [main] arg0
2024-09-15 20:25:52,364 INFO o.e.Main [main] class java.lang.String
2024-09-15 20:25:52,364 INFO o.e.Main [main] arg1
2024-09-15 20:25:52,364 INFO o.e.Main [main] int
2024-09-15 20:25:52,365 INFO o.e.Main [main] 5 pro
2024-09-15 20:25:52,365 INFO o.e.Main [main] Switch
2024-09-15 20:25:52,366 INFO o.e.Main [main] X
2024-09-15 20:25:52,366 INFO o.e.Main [main] [27, 25]
2024-09-15 20:25:52,366 INFO o.e.Main [main] org.example.Worker@201a4587
2024-09-15 20:25:52,366 INFO o.e.Main [main] org.example.Worker@61001b64
2024-09-15 20:25:52,368 INFO o.e.Main [main] org.example.Worker@4310d43
