2024-09-15 20:23:42,451 INFO o.e.Main [main] Gepetto
2024-09-15 20:23:42,456 INFO o.e.Main [main] name
2024-09-15 20:23:42,456 INFO o.e.Main [main] class java.lang.String
2024-09-15 20:23:42,457 INFO o.e.Main [main] 2
2024-09-15 20:23:42,457 INFO o.e.Main [main] age
2024-09-15 20:23:42,457 INFO o.e.Main [main] int
2024-09-15 20:23:42,457 INFO o.e.Main [main] 2
2024-09-15 20:23:42,457 INFO o.e.Main [main] getAge
2024-09-15 20:23:42,458 INFO o.e.Main [main] printName
2024-09-15 20:23:42,458 INFO o.e.Main [main] setAge
2024-09-15 20:23:42,458 INFO o.e.Main [main] getName
2024-09-15 20:23:42,468 INFO o.e.Main [main] setName
2024-09-15 20:23:42,468 INFO o.e.Main [main] 2
2024-09-15 20:23:42,468 INFO o.e.Main [main] arg0
2024-09-15 20:23:42,468 INFO o.e.Main [main] class java.lang.String
2024-09-15 20:23:42,469 INFO o.e.Main [main] arg1
2024-09-15 20:23:42,469 INFO o.e.Main [main] int
2024-09-15 20:23:42,470 INFO o.e.Main [main] 5 pro
2024-09-15 20:23:42,470 INFO o.e.Main [main] Switch
2024-09-15 20:23:42,470 INFO o.e.Main [main] X
2024-09-15 20:23:42,471 INFO o.e.Main [main] [27, 25]
