2024-09-15 20:31:47,099 INFO o.e.Main [main] Gepetto
2024-09-15 20:31:47,105 INFO o.e.Main [main] name
2024-09-15 20:31:47,106 INFO o.e.Main [main] class java.lang.String
2024-09-15 20:31:47,106 INFO o.e.Main [main] 2
2024-09-15 20:31:47,106 INFO o.e.Main [main] age
2024-09-15 20:31:47,106 INFO o.e.Main [main] int
2024-09-15 20:31:47,106 INFO o.e.Main [main] 2
2024-09-15 20:31:47,106 INFO o.e.Main [main] getName
2024-09-15 20:31:47,106 INFO o.e.Main [main] setName
2024-09-15 20:31:47,107 INFO o.e.Main [main] setAge
2024-09-15 20:31:47,107 INFO o.e.Main [main] printName
2024-09-15 20:31:47,116 INFO o.e.Main [main] getAge
2024-09-15 20:31:47,118 INFO o.e.Main [main] 2
2024-09-15 20:31:47,118 INFO o.e.Main [main] arg0
2024-09-15 20:31:47,118 INFO o.e.Main [main] class java.lang.String
2024-09-15 20:31:47,118 INFO o.e.Main [main] arg1
2024-09-15 20:31:47,118 INFO o.e.Main [main] int
2024-09-15 20:31:47,119 INFO o.e.Main [main] 5 pro
2024-09-15 20:31:47,120 INFO o.e.Main [main] Switch
2024-09-15 20:31:47,120 INFO o.e.Main [main] X
2024-09-15 20:31:47,120 INFO o.e.Main [main] our products : [Playstation, Nintendo, Xbox]
2024-09-15 20:31:47,121 INFO o.e.Main [main] [27, 25]
2024-09-15 20:31:47,121 INFO o.e.Main [main] Jackson
2024-09-15 20:31:47,121 INFO o.e.Main [main] Mickey
2024-09-15 20:31:47,121 INFO o.e.Main [main] Oren
