2024-09-15 20:32:54,992 INFO o.e.Main [main] Gepetto
2024-09-15 20:32:54,999 INFO o.e.Main [main] name
2024-09-15 20:32:54,999 INFO o.e.Main [main] class java.lang.String
2024-09-15 20:32:54,999 INFO o.e.Main [main] 2
2024-09-15 20:32:55,000 INFO o.e.Main [main] age
2024-09-15 20:32:55,000 INFO o.e.Main [main] int
2024-09-15 20:32:55,000 INFO o.e.Main [main] 2
2024-09-15 20:32:55,000 INFO o.e.Main [main] printName
2024-09-15 20:32:55,000 INFO o.e.Main [main] setAge
2024-09-15 20:32:55,000 INFO o.e.Main [main] getAge
2024-09-15 20:32:55,001 INFO o.e.Main [main] getName
2024-09-15 20:32:55,001 INFO o.e.Main [main] setName
2024-09-15 20:32:55,001 INFO o.e.Main [main] 2
2024-09-15 20:32:55,002 INFO o.e.Main [main] arg0
2024-09-15 20:32:55,002 INFO o.e.Main [main] class java.lang.String
2024-09-15 20:32:55,002 INFO o.e.Main [main] arg1
2024-09-15 20:32:55,002 INFO o.e.Main [main] int
2024-09-15 20:32:55,003 INFO o.e.Main [main] 5 pro
2024-09-15 20:32:55,003 INFO o.e.Main [main] Switch
2024-09-15 20:32:55,003 INFO o.e.Main [main] X
2024-09-15 20:32:55,004 INFO o.e.Main [main] our products : [Playstation, Nintendo, Xbox]
2024-09-15 20:32:55,004 INFO o.e.Main [main] [27, 25]
2024-09-15 20:32:55,005 INFO o.e.Main [main] Jackson
2024-09-15 20:32:55,005 INFO o.e.Main [main] Mickey
2024-09-15 20:32:55,005 INFO o.e.Main [main] Oren
